# Logfile created on Mon Feb 13 00:26:52 MST 2006 by logger.rb/1.5.2.7
[13/Feb/2006:00:26:52 :: 7557] starting
[13/Feb/2006:00:27:04 :: 7557] Dispatcher failed to catch:  (Interrupt)
  /usr/local/lib/ruby/site_ruby/1.8/fcgi.rb:597:in `each'
  /usr/local/lib/ruby/site_ruby/1.8/fcgi.rb:597:in `each_cgi'
  /usr/local/lib/ruby/gems/1.8/gems/rails-1.0.0/lib/fcgi_handler.rb:52:in `process!'
  /usr/local/lib/ruby/gems/1.8/gems/rails-1.0.0/lib/fcgi_handler.rb:22:in `process!'
  public/dispatch.fcgi:24
killed by this error
[13/Feb/2006:00:27:11 :: 7563] starting
[13/Feb/2006:00:27:20 :: 7563] Dispatcher failed to catch:  (Interrupt)
  /usr/local/lib/ruby/site_ruby/1.8/fcgi.rb:597:in `each'
  /usr/local/lib/ruby/site_ruby/1.8/fcgi.rb:597:in `each_cgi'
  /usr/local/lib/ruby/gems/1.8/gems/rails-1.0.0/lib/fcgi_handler.rb:52:in `process!'
  /usr/local/lib/ruby/gems/1.8/gems/rails-1.0.0/lib/fcgi_handler.rb:22:in `process!'
  public/dispatch.fcgi:24
killed by this error
[13/Feb/2006:00:27:31 :: 7569] starting
[13/Feb/2006:00:27:50 :: 7569] Dispatcher failed to catch:  (Interrupt)
  /usr/local/lib/ruby/site_ruby/1.8/fcgi.rb:597:in `each'
  /usr/local/lib/ruby/site_ruby/1.8/fcgi.rb:597:in `each_cgi'
  /usr/local/lib/ruby/gems/1.8/gems/rails-1.0.0/lib/fcgi_handler.rb:52:in `process!'
  /usr/local/lib/ruby/gems/1.8/gems/rails-1.0.0/lib/fcgi_handler.rb:22:in `process!'
  public/dispatch.fcgi:24
killed by this error
[14/Feb/2006:09:01:50 :: 8159] starting
[14/Feb/2006:09:02:37 :: 8159] Dispatcher failed to catch:  (Interrupt)
  /usr/local/lib/ruby/site_ruby/1.8/fcgi.rb:597:in `each'
  /usr/local/lib/ruby/site_ruby/1.8/fcgi.rb:597:in `each_cgi'
  /usr/local/lib/ruby/gems/1.8/gems/rails-1.0.0/lib/fcgi_handler.rb:52:in `process!'
  /usr/local/lib/ruby/gems/1.8/gems/rails-1.0.0/lib/fcgi_handler.rb:22:in `process!'
  public/dispatch.fcgi:24
killed by this error
[14/Feb/2006:09:02:41 :: 8166] starting
[14/Feb/2006:09:16:59 :: 8166] Dispatcher failed to catch:  (Interrupt)
  /usr/local/lib/ruby/site_ruby/1.8/fcgi.rb:597:in `each'
  /usr/local/lib/ruby/site_ruby/1.8/fcgi.rb:597:in `each_cgi'
  /usr/local/lib/ruby/gems/1.8/gems/rails-1.0.0/lib/fcgi_handler.rb:52:in `process!'
  /usr/local/lib/ruby/gems/1.8/gems/rails-1.0.0/lib/fcgi_handler.rb:22:in `process!'
  public/dispatch.fcgi:24
killed by this error
[14/Feb/2006:09:17:03 :: 8196] starting
[14/Feb/2006:09:59:23 :: 8196] Dispatcher failed to catch:  (Interrupt)
  /usr/local/lib/ruby/site_ruby/1.8/fcgi.rb:597:in `each'
  /usr/local/lib/ruby/site_ruby/1.8/fcgi.rb:597:in `each_cgi'
  /usr/local/lib/ruby/gems/1.8/gems/rails-1.0.0/lib/fcgi_handler.rb:52:in `process!'
  /usr/local/lib/ruby/gems/1.8/gems/rails-1.0.0/lib/fcgi_handler.rb:22:in `process!'
  public/dispatch.fcgi:24
killed by this error
[14/Feb/2006:09:59:27 :: 8227] starting
[14/Feb/2006:10:00:57 :: 8227] Dispatcher failed to catch:  (Interrupt)
  /usr/local/lib/ruby/site_ruby/1.8/fcgi.rb:597:in `each'
  /usr/local/lib/ruby/site_ruby/1.8/fcgi.rb:597:in `each_cgi'
  /usr/local/lib/ruby/gems/1.8/gems/rails-1.0.0/lib/fcgi_handler.rb:52:in `process!'
  /usr/local/lib/ruby/gems/1.8/gems/rails-1.0.0/lib/fcgi_handler.rb:22:in `process!'
  public/dispatch.fcgi:24
killed by this error
[14/Feb/2006:10:01:01 :: 8232] starting
[14/Feb/2006:10:27:01 :: 8232] Dispatcher failed to catch:  (Interrupt)
  /usr/local/lib/ruby/site_ruby/1.8/fcgi.rb:597:in `each'
  /usr/local/lib/ruby/site_ruby/1.8/fcgi.rb:597:in `each_cgi'
  /usr/local/lib/ruby/gems/1.8/gems/rails-1.0.0/lib/fcgi_handler.rb:52:in `process!'
  /usr/local/lib/ruby/gems/1.8/gems/rails-1.0.0/lib/fcgi_handler.rb:22:in `process!'
  public/dispatch.fcgi:24
killed by this error
[14/Feb/2006:10:28:54 :: 8249] starting
[14/Feb/2006:10:31:06 :: 8249] Dispatcher failed to catch:  (Interrupt)
  /usr/local/lib/ruby/site_ruby/1.8/fcgi.rb:597:in `each'
  /usr/local/lib/ruby/site_ruby/1.8/fcgi.rb:597:in `each_cgi'
  /usr/local/lib/ruby/gems/1.8/gems/rails-1.0.0/lib/fcgi_handler.rb:52:in `process!'
  /usr/local/lib/ruby/gems/1.8/gems/rails-1.0.0/lib/fcgi_handler.rb:22:in `process!'
  public/dispatch.fcgi:24
killed by this error
[14/Feb/2006:10:32:27 :: 8261] starting
[14/Feb/2006:11:06:50 :: 8261] Dispatcher failed to catch:  (Interrupt)
  /usr/local/lib/ruby/site_ruby/1.8/fcgi.rb:597:in `each'
  /usr/local/lib/ruby/site_ruby/1.8/fcgi.rb:597:in `each_cgi'
  /usr/local/lib/ruby/gems/1.8/gems/rails-1.0.0/lib/fcgi_handler.rb:52:in `process!'
  /usr/local/lib/ruby/gems/1.8/gems/rails-1.0.0/lib/fcgi_handler.rb:22:in `process!'
  public/dispatch.fcgi:24
killed by this error
[14/Feb/2006:11:07:04 :: 8272] starting
[14/Feb/2006:11:11:36 :: 8272] Dispatcher failed to catch:  (Interrupt)
  /usr/local/lib/ruby/site_ruby/1.8/fcgi.rb:597:in `each'
  /usr/local/lib/ruby/site_ruby/1.8/fcgi.rb:597:in `each_cgi'
  /usr/local/lib/ruby/gems/1.8/gems/rails-1.0.0/lib/fcgi_handler.rb:52:in `process!'
  /usr/local/lib/ruby/gems/1.8/gems/rails-1.0.0/lib/fcgi_handler.rb:22:in `process!'
  public/dispatch.fcgi:24
killed by this error
[14/Feb/2006:11:11:43 :: 8279] starting
[14/Feb/2006:11:18:58 :: 8279] Dispatcher failed to catch:  (Interrupt)
  /usr/local/lib/ruby/site_ruby/1.8/fcgi.rb:597:in `each'
  /usr/local/lib/ruby/site_ruby/1.8/fcgi.rb:597:in `each_cgi'
  /usr/local/lib/ruby/gems/1.8/gems/rails-1.0.0/lib/fcgi_handler.rb:52:in `process!'
  /usr/local/lib/ruby/gems/1.8/gems/rails-1.0.0/lib/fcgi_handler.rb:22:in `process!'
  public/dispatch.fcgi:24
killed by this error
[14/Feb/2006:11:19:02 :: 8291] starting
[14/Feb/2006:11:21:03 :: 8291] Dispatcher failed to catch:  (Interrupt)
  /usr/local/lib/ruby/site_ruby/1.8/fcgi.rb:597:in `each'
  /usr/local/lib/ruby/site_ruby/1.8/fcgi.rb:597:in `each_cgi'
  /usr/local/lib/ruby/gems/1.8/gems/rails-1.0.0/lib/fcgi_handler.rb:52:in `process!'
  /usr/local/lib/ruby/gems/1.8/gems/rails-1.0.0/lib/fcgi_handler.rb:22:in `process!'
  public/dispatch.fcgi:24
killed by this error
[14/Feb/2006:11:21:06 :: 8296] starting
[14/Feb/2006:11:34:44 :: 8296] Dispatcher failed to catch:  (Interrupt)
  /usr/local/lib/ruby/site_ruby/1.8/fcgi.rb:597:in `each'
  /usr/local/lib/ruby/site_ruby/1.8/fcgi.rb:597:in `each_cgi'
  /usr/local/lib/ruby/gems/1.8/gems/rails-1.0.0/lib/fcgi_handler.rb:52:in `process!'
  /usr/local/lib/ruby/gems/1.8/gems/rails-1.0.0/lib/fcgi_handler.rb:22:in `process!'
  public/dispatch.fcgi:24
killed by this error
[14/Feb/2006:11:48:50 :: 8318] starting
[14/Feb/2006:11:49:42 :: 8318] Dispatcher failed to catch:  (Interrupt)
  /usr/local/lib/ruby/site_ruby/1.8/fcgi.rb:597:in `each'
  /usr/local/lib/ruby/site_ruby/1.8/fcgi.rb:597:in `each_cgi'
  /usr/local/lib/ruby/gems/1.8/gems/rails-1.0.0/lib/fcgi_handler.rb:52:in `process!'
  /usr/local/lib/ruby/gems/1.8/gems/rails-1.0.0/lib/fcgi_handler.rb:22:in `process!'
  public/dispatch.fcgi:24
killed by this error
[14/Feb/2006:12:01:49 :: 8326] starting
[14/Feb/2006:12:04:55 :: 8326] Dispatcher failed to catch:  (Interrupt)
  /usr/local/lib/ruby/site_ruby/1.8/fcgi.rb:597:in `each'
  /usr/local/lib/ruby/site_ruby/1.8/fcgi.rb:597:in `each_cgi'
  /usr/local/lib/ruby/gems/1.8/gems/rails-1.0.0/lib/fcgi_handler.rb:52:in `process!'
  /usr/local/lib/ruby/gems/1.8/gems/rails-1.0.0/lib/fcgi_handler.rb:22:in `process!'
  public/dispatch.fcgi:24
killed by this error
[14/Feb/2006:12:08:53 :: 8340] starting
[14/Feb/2006:12:37:52 :: 8340] Dispatcher failed to catch:  (Interrupt)
  /usr/local/lib/ruby/site_ruby/1.8/fcgi.rb:597:in `each'
  /usr/local/lib/ruby/site_ruby/1.8/fcgi.rb:597:in `each_cgi'
  /usr/local/lib/ruby/gems/1.8/gems/rails-1.0.0/lib/fcgi_handler.rb:52:in `process!'
  /usr/local/lib/ruby/gems/1.8/gems/rails-1.0.0/lib/fcgi_handler.rb:22:in `process!'
  public/dispatch.fcgi:24
killed by this error
[14/Feb/2006:12:45:50 :: 8368] starting
[14/Feb/2006:12:47:24 :: 8368] Dispatcher failed to catch:  (Interrupt)
  /usr/local/lib/ruby/site_ruby/1.8/fcgi.rb:597:in `each'
  /usr/local/lib/ruby/site_ruby/1.8/fcgi.rb:597:in `each_cgi'
  ./public/../config/../vendor/rails/railties/lib/fcgi_handler.rb:52:in `process!'
  ./public/../config/../vendor/rails/railties/lib/fcgi_handler.rb:22:in `process!'
  public/dispatch.fcgi:24
killed by this error
[14/Feb/2006:12:47:27 :: 8378] starting
[14/Feb/2006:13:06:06 :: 8378] Dispatcher failed to catch:  (Interrupt)
  /usr/local/lib/ruby/site_ruby/1.8/fcgi.rb:597:in `each'
  /usr/local/lib/ruby/site_ruby/1.8/fcgi.rb:597:in `each_cgi'
  ./public/../config/../vendor/rails/railties/lib/fcgi_handler.rb:52:in `process!'
  ./public/../config/../vendor/rails/railties/lib/fcgi_handler.rb:22:in `process!'
  public/dispatch.fcgi:24
killed by this error
[14/Feb/2006:13:06:10 :: 8390] starting
[14/Feb/2006:13:07:09 :: 8390] Dispatcher failed to catch:  (Interrupt)
  /usr/local/lib/ruby/site_ruby/1.8/fcgi.rb:597:in `each'
  /usr/local/lib/ruby/site_ruby/1.8/fcgi.rb:597:in `each_cgi'
  ./public/../config/../vendor/rails/railties/lib/fcgi_handler.rb:52:in `process!'
  ./public/../config/../vendor/rails/railties/lib/fcgi_handler.rb:22:in `process!'
  public/dispatch.fcgi:24
killed by this error
[14/Feb/2006:13:07:12 :: 8400] starting
[14/Feb/2006:13:08:10 :: 8400] Dispatcher failed to catch:  (Interrupt)
  /usr/local/lib/ruby/site_ruby/1.8/fcgi.rb:597:in `each'
  /usr/local/lib/ruby/site_ruby/1.8/fcgi.rb:597:in `each_cgi'
  ./public/../config/../vendor/rails/railties/lib/fcgi_handler.rb:52:in `process!'
  ./public/../config/../vendor/rails/railties/lib/fcgi_handler.rb:22:in `process!'
  public/dispatch.fcgi:24
killed by this error
[14/Feb/2006:13:08:13 :: 8412] starting
[14/Feb/2006:13:22:54 :: 8412] Dispatcher failed to catch:  (Interrupt)
  /usr/local/lib/ruby/site_ruby/1.8/fcgi.rb:597:in `each'
  /usr/local/lib/ruby/site_ruby/1.8/fcgi.rb:597:in `each_cgi'
  ./public/../config/../vendor/rails/railties/lib/fcgi_handler.rb:52:in `process!'
  ./public/../config/../vendor/rails/railties/lib/fcgi_handler.rb:22:in `process!'
  public/dispatch.fcgi:24
killed by this error
[14/Feb/2006:13:22:56 :: 8423] starting
[14/Feb/2006:14:11:12 :: 8423] Dispatcher failed to catch:  (Interrupt)
  /usr/local/lib/ruby/site_ruby/1.8/fcgi.rb:597:in `each'
  /usr/local/lib/ruby/site_ruby/1.8/fcgi.rb:597:in `each_cgi'
  ./public/../config/../vendor/rails/railties/lib/fcgi_handler.rb:52:in `process!'
  ./public/../config/../vendor/rails/railties/lib/fcgi_handler.rb:22:in `process!'
  public/dispatch.fcgi:24
killed by this error
[14/Feb/2006:14:28:20 :: 8459] starting
[14/Feb/2006:14:41:01 :: 8459] Dispatcher failed to catch:  (Interrupt)
  /usr/local/lib/ruby/site_ruby/1.8/fcgi.rb:597:in `each'
  /usr/local/lib/ruby/site_ruby/1.8/fcgi.rb:597:in `each_cgi'
  ./public/../config/../vendor/rails/railties/lib/fcgi_handler.rb:52:in `process!'
  ./public/../config/../vendor/rails/railties/lib/fcgi_handler.rb:22:in `process!'
  public/dispatch.fcgi:24
killed by this error
[14/Feb/2006:14:41:21 :: 8488] starting
[14/Feb/2006:14:41:39 :: 8488] Dispatcher failed to catch:  (Interrupt)
  /usr/local/lib/ruby/site_ruby/1.8/fcgi.rb:597:in `each'
  /usr/local/lib/ruby/site_ruby/1.8/fcgi.rb:597:in `each_cgi'
  ./public/../config/../vendor/rails/railties/lib/fcgi_handler.rb:52:in `process!'
  ./public/../config/../vendor/rails/railties/lib/fcgi_handler.rb:22:in `process!'
  public/dispatch.fcgi:24
killed by this error
[14/Feb/2006:14:41:42 :: 8498] starting
[14/Feb/2006:14:41:47 :: 8498] Dispatcher failed to catch:  (Interrupt)
  /usr/local/lib/ruby/site_ruby/1.8/fcgi.rb:597:in `each'
  /usr/local/lib/ruby/site_ruby/1.8/fcgi.rb:597:in `each_cgi'
  ./public/../config/../vendor/rails/railties/lib/fcgi_handler.rb:52:in `process!'
  ./public/../config/../vendor/rails/railties/lib/fcgi_handler.rb:22:in `process!'
  public/dispatch.fcgi:24
killed by this error
[14/Feb/2006:14:41:54 :: 8510] starting
[14/Feb/2006:14:46:07 :: 8510] Dispatcher failed to catch:  (Interrupt)
  /usr/local/lib/ruby/site_ruby/1.8/fcgi.rb:597:in `each'
  /usr/local/lib/ruby/site_ruby/1.8/fcgi.rb:597:in `each_cgi'
  ./public/../config/../vendor/rails/railties/lib/fcgi_handler.rb:52:in `process!'
  ./public/../config/../vendor/rails/railties/lib/fcgi_handler.rb:22:in `process!'
  public/dispatch.fcgi:24
killed by this error
[14/Feb/2006:14:47:32 :: 8527] starting
[14/Feb/2006:14:50:21 :: 8527] Dispatcher failed to catch:  (Interrupt)
  /usr/local/lib/ruby/site_ruby/1.8/fcgi.rb:597:in `each'
  /usr/local/lib/ruby/site_ruby/1.8/fcgi.rb:597:in `each_cgi'
  ./public/../config/../vendor/rails/railties/lib/fcgi_handler.rb:52:in `process!'
  ./public/../config/../vendor/rails/railties/lib/fcgi_handler.rb:22:in `process!'
  public/dispatch.fcgi:24
killed by this error
[14/Feb/2006:14:50:27 :: 8539] starting
[14/Feb/2006:14:56:40 :: 8539] Dispatcher failed to catch:  (Interrupt)
  /usr/local/lib/ruby/site_ruby/1.8/fcgi.rb:597:in `each'
  /usr/local/lib/ruby/site_ruby/1.8/fcgi.rb:597:in `each_cgi'
  ./public/../config/../vendor/rails/railties/lib/fcgi_handler.rb:52:in `process!'
  ./public/../config/../vendor/rails/railties/lib/fcgi_handler.rb:22:in `process!'
  public/dispatch.fcgi:24
killed by this error
[14/Feb/2006:14:56:46 :: 8558] starting
[14/Feb/2006:14:59:43 :: 8558] Dispatcher failed to catch:  (Interrupt)
  /usr/local/lib/ruby/site_ruby/1.8/fcgi.rb:597:in `each'
  /usr/local/lib/ruby/site_ruby/1.8/fcgi.rb:597:in `each_cgi'
  ./public/../config/../vendor/rails/railties/lib/fcgi_handler.rb:52:in `process!'
  ./public/../config/../vendor/rails/railties/lib/fcgi_handler.rb:22:in `process!'
  public/dispatch.fcgi:24
killed by this error
[14/Feb/2006:15:00:36 :: 8570] starting
[14/Feb/2006:15:00:53 :: 8570] Dispatcher failed to catch:  (Interrupt)
  /usr/local/lib/ruby/site_ruby/1.8/fcgi.rb:597:in `each'
  /usr/local/lib/ruby/site_ruby/1.8/fcgi.rb:597:in `each_cgi'
  ./public/../config/../vendor/rails/railties/lib/fcgi_handler.rb:52:in `process!'
  ./public/../config/../vendor/rails/railties/lib/fcgi_handler.rb:22:in `process!'
  public/dispatch.fcgi:24
killed by this error
[14/Feb/2006:15:01:17 :: 8582] starting
[14/Feb/2006:15:02:15 :: 8582] Dispatcher failed to catch:  (Interrupt)
  /usr/local/lib/ruby/site_ruby/1.8/fcgi.rb:597:in `each'
  /usr/local/lib/ruby/site_ruby/1.8/fcgi.rb:597:in `each_cgi'
  ./public/../config/../vendor/rails/railties/lib/fcgi_handler.rb:52:in `process!'
  ./public/../config/../vendor/rails/railties/lib/fcgi_handler.rb:22:in `process!'
  public/dispatch.fcgi:24
killed by this error
[14/Feb/2006:15:02:20 :: 8596] starting
[14/Feb/2006:15:10:04 :: 8596] Dispatcher failed to catch:  (Interrupt)
  /usr/local/lib/ruby/site_ruby/1.8/fcgi.rb:597:in `each'
  /usr/local/lib/ruby/site_ruby/1.8/fcgi.rb:597:in `each_cgi'
  ./public/../config/../vendor/rails/railties/lib/fcgi_handler.rb:52:in `process!'
  ./public/../config/../vendor/rails/railties/lib/fcgi_handler.rb:22:in `process!'
  public/dispatch.fcgi:24
killed by this error
[14/Feb/2006:15:10:09 :: 8608] starting
[14/Feb/2006:15:11:29 :: 8608] Dispatcher failed to catch:  (Interrupt)
  /usr/local/lib/ruby/site_ruby/1.8/fcgi.rb:597:in `each'
  /usr/local/lib/ruby/site_ruby/1.8/fcgi.rb:597:in `each_cgi'
  ./public/../config/../vendor/rails/railties/lib/fcgi_handler.rb:52:in `process!'
  ./public/../config/../vendor/rails/railties/lib/fcgi_handler.rb:22:in `process!'
  public/dispatch.fcgi:24
killed by this error
[14/Feb/2006:15:11:35 :: 8620] starting
[14/Feb/2006:15:12:43 :: 8620] Dispatcher failed to catch:  (Interrupt)
  /usr/local/lib/ruby/site_ruby/1.8/fcgi.rb:597:in `each'
  /usr/local/lib/ruby/site_ruby/1.8/fcgi.rb:597:in `each_cgi'
  ./public/../config/../vendor/rails/railties/lib/fcgi_handler.rb:52:in `process!'
  ./public/../config/../vendor/rails/railties/lib/fcgi_handler.rb:22:in `process!'
  public/dispatch.fcgi:24
killed by this error
[14/Feb/2006:15:14:32 :: 8634] starting
[14/Feb/2006:15:20:19 :: 8634] Dispatcher failed to catch: can't convert Fixnum into String (TypeError)
  ./public/../config/../vendor/rails/actionpack/lib/action_controller/cgi_ext/cookie_performance_fix.rb:49:in `match'
  ./public/../config/../vendor/rails/actionpack/lib/action_controller/cgi_ext/cookie_performance_fix.rb:49:in `initialize'
  ./public/../config/../vendor/rails/actionpack/lib/action_controller/cgi_ext/cookie_performance_fix.rb:117:in `parse'
  ./public/../config/../vendor/rails/actionpack/lib/action_controller/cgi_ext/cookie_performance_fix.rb:111:in `parse'
  ./public/../config/../vendor/rails/actionpack/lib/action_controller/cgi_ext/raw_post_data_fix.rb:9:in `initialize_query'
  /usr/local/lib/ruby/1.8/cgi.rb:2270:in `initialize'
  (eval):16:in `initialize'
  /usr/local/lib/ruby/site_ruby/1.8/fcgi.rb:600:in `each_cgi'
  /usr/local/lib/ruby/site_ruby/1.8/fcgi.rb:597:in `each_cgi'
  ./public/../config/../vendor/rails/railties/lib/fcgi_handler.rb:52:in `process!'
  ./public/../config/../vendor/rails/railties/lib/fcgi_handler.rb:22:in `process!'
  public/dispatch.fcgi:24
almost killed by this error
[14/Feb/2006:15:22:12 :: 8634] Dispatcher failed to catch:  (Interrupt)
  /usr/local/lib/ruby/site_ruby/1.8/fcgi.rb:597:in `each'
  /usr/local/lib/ruby/site_ruby/1.8/fcgi.rb:597:in `each_cgi'
  ./public/../config/../vendor/rails/railties/lib/fcgi_handler.rb:52:in `process!'
  ./public/../config/../vendor/rails/railties/lib/fcgi_handler.rb:22:in `process!'
  public/dispatch.fcgi:24
killed by this error
[14/Feb/2006:15:22:14 :: 8639] starting
[14/Feb/2006:15:22:19 :: 8639] asked to terminate immediately
[14/Feb/2006:15:22:19 :: 8639] terminated by explicit exit
[14/Feb/2006:15:22:25 :: 8651] starting
[14/Feb/2006:15:29:57 :: 8651] Dispatcher failed to catch:  (Interrupt)
  /usr/local/lib/ruby/site_ruby/1.8/fcgi.rb:597:in `each'
  /usr/local/lib/ruby/site_ruby/1.8/fcgi.rb:597:in `each_cgi'
  ./public/../config/../vendor/rails/railties/lib/fcgi_handler.rb:52:in `process!'
  ./public/../config/../vendor/rails/railties/lib/fcgi_handler.rb:22:in `process!'
  public/dispatch.fcgi:24
killed by this error
[14/Feb/2006:15:30:02 :: 8663] starting
[14/Feb/2006:15:35:18 :: 8663] Dispatcher failed to catch:  (Interrupt)
  /usr/local/lib/ruby/site_ruby/1.8/fcgi.rb:597:in `each'
  /usr/local/lib/ruby/site_ruby/1.8/fcgi.rb:597:in `each_cgi'
  ./public/../config/../vendor/rails/railties/lib/fcgi_handler.rb:52:in `process!'
  ./public/../config/../vendor/rails/railties/lib/fcgi_handler.rb:22:in `process!'
  public/dispatch.fcgi:24
killed by this error
[14/Feb/2006:15:35:24 :: 8677] starting
[14/Feb/2006:15:48:25 :: 8677] Dispatcher failed to catch:  (Interrupt)
  /usr/local/lib/ruby/site_ruby/1.8/fcgi.rb:597:in `each'
  /usr/local/lib/ruby/site_ruby/1.8/fcgi.rb:597:in `each_cgi'
  ./public/../config/../vendor/rails/railties/lib/fcgi_handler.rb:52:in `process!'
  ./public/../config/../vendor/rails/railties/lib/fcgi_handler.rb:22:in `process!'
  public/dispatch.fcgi:24
killed by this error
[14/Feb/2006:15:49:02 :: 8698] starting
[14/Feb/2006:15:50:24 :: 8698] Dispatcher failed to catch:  (Interrupt)
  /usr/local/lib/ruby/site_ruby/1.8/fcgi.rb:597:in `each'
  /usr/local/lib/ruby/site_ruby/1.8/fcgi.rb:597:in `each_cgi'
  ./public/../config/../vendor/rails/railties/lib/fcgi_handler.rb:52:in `process!'
  ./public/../config/../vendor/rails/railties/lib/fcgi_handler.rb:22:in `process!'
  public/dispatch.fcgi:24
killed by this error
[14/Feb/2006:16:00:33 :: 8716] starting
[14/Feb/2006:16:06:06 :: 8716] Dispatcher failed to catch:  (Interrupt)
  /usr/local/lib/ruby/site_ruby/1.8/fcgi.rb:597:in `each'
  /usr/local/lib/ruby/site_ruby/1.8/fcgi.rb:597:in `each_cgi'
  ./public/../config/../vendor/rails/railties/lib/fcgi_handler.rb:52:in `process!'
  ./public/../config/../vendor/rails/railties/lib/fcgi_handler.rb:22:in `process!'
  public/dispatch.fcgi:24
killed by this error
[14/Feb/2006:16:06:12 :: 8730] starting
[14/Feb/2006:16:06:33 :: 8730] Dispatcher failed to catch:  (Interrupt)
  /usr/local/lib/ruby/site_ruby/1.8/fcgi.rb:597:in `each'
  /usr/local/lib/ruby/site_ruby/1.8/fcgi.rb:597:in `each_cgi'
  ./public/../config/../vendor/rails/railties/lib/fcgi_handler.rb:52:in `process!'
  ./public/../config/../vendor/rails/railties/lib/fcgi_handler.rb:22:in `process!'
  public/dispatch.fcgi:24
killed by this error
[14/Feb/2006:16:06:38 :: 8742] starting
[14/Feb/2006:16:13:14 :: 8742] Dispatcher failed to catch:  (Interrupt)
  /usr/local/lib/ruby/site_ruby/1.8/fcgi.rb:597:in `each'
  /usr/local/lib/ruby/site_ruby/1.8/fcgi.rb:597:in `each_cgi'
  ./public/../config/../vendor/rails/railties/lib/fcgi_handler.rb:52:in `process!'
  ./public/../config/../vendor/rails/railties/lib/fcgi_handler.rb:22:in `process!'
  public/dispatch.fcgi:24
killed by this error
[14/Feb/2006:16:15:41 :: 8758] starting
[14/Feb/2006:16:21:56 :: 8758] Dispatcher failed to catch:  (Interrupt)
  /usr/local/lib/ruby/site_ruby/1.8/fcgi.rb:597:in `each'
  /usr/local/lib/ruby/site_ruby/1.8/fcgi.rb:597:in `each_cgi'
  ./public/../config/../vendor/rails/railties/lib/fcgi_handler.rb:52:in `process!'
  ./public/../config/../vendor/rails/railties/lib/fcgi_handler.rb:22:in `process!'
  public/dispatch.fcgi:24
killed by this error
[14/Feb/2006:16:22:09 :: 8780] starting
[14/Feb/2006:16:37:15 :: 8780] Dispatcher failed to catch:  (Interrupt)
  /usr/local/lib/ruby/site_ruby/1.8/fcgi.rb:597:in `each'
  /usr/local/lib/ruby/site_ruby/1.8/fcgi.rb:597:in `each_cgi'
  ./public/../config/../vendor/rails/railties/lib/fcgi_handler.rb:52:in `process!'
  ./public/../config/../vendor/rails/railties/lib/fcgi_handler.rb:22:in `process!'
  public/dispatch.fcgi:24
killed by this error
[14/Feb/2006:23:04:05 :: 11467] starting
[14/Feb/2006:23:09:48 :: 11467] Dispatcher failed to catch:  (Interrupt)
  /usr/local/lib/ruby/site_ruby/1.8/fcgi.rb:597:in `each'
  /usr/local/lib/ruby/site_ruby/1.8/fcgi.rb:597:in `each_cgi'
  ./public/../config/../vendor/rails/railties/lib/fcgi_handler.rb:52:in `process!'
  ./public/../config/../vendor/rails/railties/lib/fcgi_handler.rb:22:in `process!'
  public/dispatch.fcgi:24
killed by this error
[14/Feb/2006:23:10:18 :: 11479] starting
[14/Feb/2006:23:11:23 :: 11479] Dispatcher failed to catch:  (Interrupt)
  /usr/local/lib/ruby/site_ruby/1.8/fcgi.rb:597:in `each'
  /usr/local/lib/ruby/site_ruby/1.8/fcgi.rb:597:in `each_cgi'
  ./public/../config/../vendor/rails/railties/lib/fcgi_handler.rb:52:in `process!'
  ./public/../config/../vendor/rails/railties/lib/fcgi_handler.rb:22:in `process!'
  public/dispatch.fcgi:24
killed by this error
[14/Feb/2006:23:11:28 :: 11491] starting
[14/Feb/2006:23:23:34 :: 11491] Dispatcher failed to catch:  (Interrupt)
  /usr/local/lib/ruby/site_ruby/1.8/fcgi.rb:597:in `each'
  /usr/local/lib/ruby/site_ruby/1.8/fcgi.rb:597:in `each_cgi'
  ./public/../config/../vendor/rails/railties/lib/fcgi_handler.rb:52:in `process!'
  ./public/../config/../vendor/rails/railties/lib/fcgi_handler.rb:22:in `process!'
  public/dispatch.fcgi:24
killed by this error
