  [4;36;1mSQL (0.005686)[0m   [0;1mCREATE TABLE schema_info (version int(11))[0m
  [4;35;1mSQL (0.002310)[0m   [0mINSERT INTO schema_info (version) VALUES(0)[0m
  [4;36;1mSQL (0.000000)[0m   [0;1mMysql::Error: Table 'schema_info' already exists: CREATE TABLE schema_info (version int(11))[0m
  [4;35;1mSQL (0.001247)[0m   [0mSELECT version FROM schema_info[0m
Migrating to CreateOrders (1)
  [4;36;1mSQL (0.000000)[0m   [0;1mMysql::Error: You have an error in your SQL syntax; check the manual that corresponds to your MySQL server version for the right syntax to use near 'dateime, `purchaser` varchar(255), `price` float) ENGINE=InnoDB' at line 1: CREATE TABLE orders (`id` int(11) DEFAULT NULL auto_increment PRIMARY KEY, `created_at` dateime, `purchaser` varchar(255), `price` float) ENGINE=InnoDB[0m
  [4;36;1mSQL (0.000000)[0m   [0;1mMysql::Error: Table 'schema_info' already exists: CREATE TABLE schema_info (version int(11))[0m
  [4;35;1mSQL (0.000000)[0m   [0mMysql::Error: Table 'schema_info' already exists: CREATE TABLE schema_info (version int(11))[0m
  [4;36;1mSQL (0.000557)[0m   [0;1mSELECT version FROM schema_info[0m
Migrating to CreateOrders (1)
  [4;35;1mSQL (0.006625)[0m   [0mCREATE TABLE orders (`id` int(11) DEFAULT NULL auto_increment PRIMARY KEY, `created_at` datetime, `purchaser` varchar(255), `price` float) ENGINE=InnoDB[0m
  [4;36;1mCreateOrders::Order Columns (0.000827)[0m   [0;1mSHOW FIELDS FROM orders[0m
  [4;35;1mSQL (0.000243)[0m   [0mBEGIN[0m
  [4;36;1mSQL (0.086910)[0m   [0;1mINSERT INTO orders (`price`, `purchaser`, `created_at`) VALUES(123.22, 'Kilgore Trout', '2006-04-02 17:14:58')[0m
  [4;35;1mSQL (0.000953)[0m   [0mCOMMIT[0m
  [4;36;1mSQL (0.000227)[0m   [0;1mBEGIN[0m
  [4;35;1mSQL (0.000563)[0m   [0mINSERT INTO orders (`price`, `purchaser`, `created_at`) VALUES(44.12, 'John Barth', '2006-04-02 17:14:58')[0m
  [4;36;1mSQL (0.007417)[0m   [0;1mCOMMIT[0m
  [4;35;1mSQL (0.000520)[0m   [0mBEGIN[0m
  [4;36;1mSQL (0.000565)[0m   [0;1mINSERT INTO orders (`price`, `purchaser`, `created_at`) VALUES(42.44, 'Josef K', '2006-04-02 17:14:58')[0m
  [4;35;1mSQL (0.000750)[0m   [0mCOMMIT[0m
  [4;36;1mSQL (0.000838)[0m   [0;1mUPDATE schema_info SET version = 1[0m
  [4;35;1mSQL (0.000628)[0m   [0mSELECT * FROM schema_info[0m
  [4;36;1mSQL (0.000782)[0m   [0;1mSHOW TABLES[0m
  [4;35;1mSQL (0.000519)[0m   [0mSHOW FIELDS FROM orders[0m
  [4;36;1mSQL (0.000713)[0m   [0;1mSHOW KEYS FROM orders[0m
  [4;36;1mOrder Load (0.002935)[0m   [0;1mSELECT * FROM orders [0m
  [4;35;1mOrder Load (0.000848)[0m   [0mSELECT * FROM orders [0m
  [4;36;1mOrder Columns (0.000427)[0m   [0;1mSHOW FIELDS FROM orders[0m


Processing ExportController#export (for 127.0.0.1 at 2006-04-02 18:29:12) [GET]
  Session ID: 7eaa9ce63e4f59bca16398126f9e395d
  Parameters: {"action"=>"export", "controller"=>"export"}
  [4;36;1mOrder Load (0.012676)[0m   [0;1mSELECT * FROM orders [0m
  [4;35;1mOrder Columns (0.000490)[0m   [0mSHOW FIELDS FROM orders[0m


NoMethodError (undefined method `string' for #<String:0x2571be4>):
    /app/controllers/export_controller.rb:14:in `export'
    /usr/local/lib/ruby/gems/1.8/gems/actionpack-1.12.0/lib/action_controller/base.rb:908:in `perform_action_without_filters'
    /usr/local/lib/ruby/gems/1.8/gems/actionpack-1.12.0/lib/action_controller/filters.rb:355:in `perform_action_without_benchmark'
    /usr/local/lib/ruby/gems/1.8/gems/actionpack-1.12.0/lib/action_controller/benchmarking.rb:69:in `perform_action_without_rescue'
    /usr/local/lib/ruby/1.8/benchmark.rb:293:in `measure'
    /usr/local/lib/ruby/gems/1.8/gems/actionpack-1.12.0/lib/action_controller/benchmarking.rb:69:in `perform_action_without_rescue'
    /usr/local/lib/ruby/gems/1.8/gems/actionpack-1.12.0/lib/action_controller/rescue.rb:82:in `perform_action'
    /usr/local/lib/ruby/gems/1.8/gems/actionpack-1.12.0/lib/action_controller/base.rb:379:in `process_without_filters'
    /usr/local/lib/ruby/gems/1.8/gems/actionpack-1.12.0/lib/action_controller/filters.rb:364:in `process_without_session_management_support'
    /usr/local/lib/ruby/gems/1.8/gems/actionpack-1.12.0/lib/action_controller/session_management.rb:117:in `process'
    /usr/local/lib/ruby/gems/1.8/gems/rails-1.1.0/lib/dispatcher.rb:38:in `dispatch'
    /usr/local/lib/ruby/gems/1.8/gems/rails-1.1.0/lib/webrick_server.rb:115:in `handle_dispatch'
    /usr/local/lib/ruby/gems/1.8/gems/rails-1.1.0/lib/webrick_server.rb:81:in `service'
    /usr/local/lib/ruby/1.8/webrick/httpserver.rb:104:in `service'
    /usr/local/lib/ruby/1.8/webrick/httpserver.rb:65:in `run'
    /usr/local/lib/ruby/1.8/webrick/server.rb:173:in `start_thread'
    /usr/local/lib/ruby/1.8/webrick/server.rb:162:in `start_thread'
    /usr/local/lib/ruby/1.8/webrick/server.rb:95:in `start'
    /usr/local/lib/ruby/1.8/webrick/server.rb:92:in `start'
    /usr/local/lib/ruby/1.8/webrick/server.rb:23:in `start'
    /usr/local/lib/ruby/1.8/webrick/server.rb:82:in `start'
    /usr/local/lib/ruby/gems/1.8/gems/rails-1.1.0/lib/webrick_server.rb:67:in `dispatch'
    /usr/local/lib/ruby/gems/1.8/gems/rails-1.1.0/lib/commands/servers/webrick.rb:59
    /usr/local/lib/ruby/site_ruby/1.8/rubygems/custom_require.rb:21:in `require'
    /usr/local/lib/ruby/gems/1.8/gems/activesupport-1.3.0/lib/active_support/dependencies.rb:136:in `require'
    /usr/local/lib/ruby/gems/1.8/gems/rails-1.1.0/lib/commands/server.rb:30
    /usr/local/lib/ruby/site_ruby/1.8/rubygems/custom_require.rb:21:in `require'
    /usr/local/lib/ruby/gems/1.8/gems/activesupport-1.3.0/lib/active_support/dependencies.rb:136:in `require'
    script/server:3


Rendering /usr/local/lib/ruby/gems/1.8/gems/actionpack-1.12.0/lib/action_controller/templates/rescues/layout.rhtml (500 Internal Error)


Processing ExportController#export (for 127.0.0.1 at 2006-04-02 18:29:27) [GET]
  Session ID: 7eaa9ce63e4f59bca16398126f9e395d
  Parameters: {"action"=>"export", "controller"=>"export"}


ActionController::UnknownAction (No action responded to export):
    /usr/local/lib/ruby/gems/1.8/gems/actionpack-1.12.0/lib/action_controller/filters.rb:355:in `perform_action_without_benchmark'
    /usr/local/lib/ruby/gems/1.8/gems/actionpack-1.12.0/lib/action_controller/benchmarking.rb:69:in `perform_action_without_rescue'
    /usr/local/lib/ruby/1.8/benchmark.rb:293:in `measure'
    /usr/local/lib/ruby/gems/1.8/gems/actionpack-1.12.0/lib/action_controller/benchmarking.rb:69:in `perform_action_without_rescue'
    /usr/local/lib/ruby/gems/1.8/gems/actionpack-1.12.0/lib/action_controller/rescue.rb:82:in `perform_action'
    /usr/local/lib/ruby/gems/1.8/gems/actionpack-1.12.0/lib/action_controller/base.rb:379:in `process_without_filters'
    /usr/local/lib/ruby/gems/1.8/gems/actionpack-1.12.0/lib/action_controller/filters.rb:364:in `process_without_session_management_support'
    /usr/local/lib/ruby/gems/1.8/gems/actionpack-1.12.0/lib/action_controller/session_management.rb:117:in `process'
    /usr/local/lib/ruby/gems/1.8/gems/rails-1.1.0/lib/dispatcher.rb:38:in `dispatch'
    /usr/local/lib/ruby/gems/1.8/gems/rails-1.1.0/lib/webrick_server.rb:115:in `handle_dispatch'
    /usr/local/lib/ruby/gems/1.8/gems/rails-1.1.0/lib/webrick_server.rb:81:in `service'
    /usr/local/lib/ruby/1.8/webrick/httpserver.rb:104:in `service'
    /usr/local/lib/ruby/1.8/webrick/httpserver.rb:65:in `run'
    /usr/local/lib/ruby/1.8/webrick/server.rb:173:in `start_thread'
    /usr/local/lib/ruby/1.8/webrick/server.rb:162:in `start_thread'
    /usr/local/lib/ruby/1.8/webrick/server.rb:95:in `start'
    /usr/local/lib/ruby/1.8/webrick/server.rb:92:in `start'
    /usr/local/lib/ruby/1.8/webrick/server.rb:23:in `start'
    /usr/local/lib/ruby/1.8/webrick/server.rb:82:in `start'
    /usr/local/lib/ruby/gems/1.8/gems/rails-1.1.0/lib/webrick_server.rb:67:in `dispatch'
    /usr/local/lib/ruby/gems/1.8/gems/rails-1.1.0/lib/commands/servers/webrick.rb:59
    /usr/local/lib/ruby/site_ruby/1.8/rubygems/custom_require.rb:21:in `require'
    /usr/local/lib/ruby/gems/1.8/gems/activesupport-1.3.0/lib/active_support/dependencies.rb:136:in `require'
    /usr/local/lib/ruby/gems/1.8/gems/rails-1.1.0/lib/commands/server.rb:30
    /usr/local/lib/ruby/site_ruby/1.8/rubygems/custom_require.rb:21:in `require'
    /usr/local/lib/ruby/gems/1.8/gems/activesupport-1.3.0/lib/active_support/dependencies.rb:136:in `require'
    script/server:3


Rendering /usr/local/lib/ruby/gems/1.8/gems/actionpack-1.12.0/lib/action_controller/templates/rescues/layout.rhtml (404 Page Not Found)


Processing ExportController#orders (for 127.0.0.1 at 2006-04-02 18:29:33) [GET]
  Session ID: 7eaa9ce63e4f59bca16398126f9e395d
  Parameters: {"action"=>"orders", "controller"=>"export"}
  [4;36;1mOrder Load (0.000892)[0m   [0;1mSELECT * FROM orders [0m
  [4;35;1mOrder Columns (0.000545)[0m   [0mSHOW FIELDS FROM orders[0m
Sending data orders.csv
Completed in 0.01317 (75 reqs/sec) | Rendering: 0.00014 (1%) | DB: 0.01460 (110%) | 200 OK [http://localhost/export/orders]


Processing ExportController#orders (for 127.0.0.1 at 2006-04-02 18:29:56) [HEAD]
  Session ID: 02c3a31d9f879fcf23139d09b24fc900
  Parameters: {"action"=>"orders", "controller"=>"export"}
  [4;36;1mOrder Load (0.071414)[0m   [0;1mSELECT * FROM orders [0m
  [4;35;1mOrder Columns (0.000443)[0m   [0mSHOW FIELDS FROM orders[0m
Sending data orders.csv
Completed in 0.08045 (12 reqs/sec) | Rendering: 0.00014 (0%) | DB: 0.07186 (89%) | 200 OK [http://127.0.0.1/export/orders]
