java.lang.IllegalArgumentException
	at Main$$anon$1.<init>(Throw.scala:1)
	at Main$.main(Throw.scala:1)
	at Main.main(Throw.scala)
	at sun.reflect.NativeMethodAccessorImpl.invoke0(Native Method)
	at 
sun.reflect.NativeMethodAccessorImpl.invoke(NativeMethodAccessorImpl.java:6
2)
	at 
sun.reflect.DelegatingMethodAccessorImpl.invoke(DelegatingMethodAccessorImp
l.java:43)
	at java.lang.reflect.Method.invoke(Method.java:483)
	at 
scala.reflect.internal.util.ScalaClassLoader$$anonfun$run$1.apply(ScalaClas
sLoader.scala:68)
	at 
scala.reflect.internal.util.ScalaClassLoader$class.asContext(ScalaClassLoad
er.scala:31)
	at 
scala.reflect.internal.util.ScalaClassLoader$URLClassLoader.asContext(Scala
ClassLoader.scala:99)
	at 
scala.reflect.internal.util.ScalaClassLoader$class.run(ScalaClassLoader.sca
la:68)
	at 
scala.reflect.internal.util.ScalaClassLoader$URLClassLoader.run(ScalaClassL
oader.scala:99)
	at scala.tools.nsc.CommonRunner$class.run(ObjectRunner.scala:22)
	at scala.tools.nsc.ObjectRunner$.run(ObjectRunner.scala:39)
	at 
scala.tools.nsc.CommonRunner$class.runAndCatch(ObjectRunner.scala:29)
	at scala.tools.nsc.ObjectRunner$.runAndCatch(ObjectRunner.scala:39)
	at 
scala.tools.nsc.ScriptRunner.scala$tools$nsc$ScriptRunner$$runCompiled(Scri
ptRunner.scala:158)
	at 
scala.tools.nsc.ScriptRunner$$anonfun$runScript$1.apply(ScriptRunner.scala:
175)
	at 
scala.tools.nsc.ScriptRunner$$anonfun$runScript$1.apply(ScriptRunner.scala:
175)
	at 
scala.tools.nsc.ScriptRunner$$anonfun$withCompiledScript$1.apply$mcZ$sp(Scr
iptRunner.scala:144)
	at 
scala.tools.nsc.ScriptRunner$$anonfun$withCompiledScript$1.apply(ScriptRunn
er.scala:118)
	at 
scala.tools.nsc.ScriptRunner$$anonfun$withCompiledScript$1.apply(ScriptRunn
er.scala:118)
	at scala.tools.nsc.util.package$.trackingThreads(package.scala:43)
	at 
scala.tools.nsc.util.package$.waitingForThreads(package.scala:27)
	at 
scala.tools.nsc.ScriptRunner.withCompiledScript(ScriptRunner.scala:117)
	at scala.tools.nsc.ScriptRunner.runScript(ScriptRunner.scala:175)
	at 
scala.tools.nsc.ScriptRunner.runScriptAndCatch(ScriptRunner.scala:188)
	at 
scala.tools.nsc.MainGenericRunner.runTarget$1(MainGenericRunner.scala:67)
	at 
scala.tools.nsc.MainGenericRunner.run$1(MainGenericRunner.scala:87)
	at 
scala.tools.nsc.MainGenericRunner.process(MainGenericRunner.scala:98)
	at 
scala.tools.nsc.MainGenericRunner$.main(MainGenericRunner.scala:103)
	at scala.tools.nsc.MainGenericRunner.main(MainGenericRunner.scala)
