31|58|1280|firefox|1
31|58|1280|firefox|1
53|59|1280|firefox|1
53|59|1280|firefox|1
160|63|1280|firefox|1
204|64|1280|firefox|1
200|64|1280|firefox|1
227|50|1280|firefox|1
192|60|1280|firefox|1
213|60|1280|firefox|1
213|60|1280|firefox|1
177|73|1280|firefox|1
177|73|1280|firefox|1
203|69|1280|firefox|1
195|64|1280|firefox|1
164|64|1280|firefox|1
191|63|1280|firefox|1
188|59|1280|firefox|1
210|55|1280|firefox|1
191|50|1280|firefox|1
186|73|1280|firefox|1
226|73|1280|firefox|1
228|61|1280|firefox|1
230|58|1280|firefox|1
183|56|1280|firefox|1
207|55|1280|firefox|1
224|53|1280|firefox|1
228|67|1280|firefox|1
222|73|1280|firefox|1
196|70|1280|firefox|1
174|73|1280|firefox|1
174|108|1280|firefox|1
113|106|1280|firefox|1
136|106|1280|firefox|1
40|55|1280|firefox|1
41|55|1280|firefox|1
41|55|1280|firefox|1
52|55|1280|firefox|1
85|76|1280|firefox|1
76|76|1280|firefox|1
76|57|1280|firefox|1
67|57|1280|firefox|1
67|57|1280|firefox|1
43|70|1280|firefox|1
43|70|1280|firefox|1
67|75|1280|firefox|1
79|72|1280|firefox|1
79|66|1280|firefox|1
89|66|1280|firefox|1
69|66|1280|firefox|1
56|66|1280|firefox|1
56|66|1280|firefox|1
70|71|1280|firefox|1
70|71|1280|firefox|1
79|63|1280|firefox|1
40|63|1280|firefox|1
57|60|1280|firefox|1
85|60|1280|firefox|1
85|60|1280|firefox|1
67|74|1280|firefox|1
86|64|1280|firefox|1
69|63|1280|firefox|1
69|63|1280|firefox|1
69|63|1280|firefox|1
69|63|1280|firefox|1
69|63|1280|firefox|1
68|62|1280|firefox|1
68|62|1280|firefox|1
62|62|1280|firefox|1
56|62|1280|firefox|1
222|128|1280|firefox|1
71|68|1280|firefox|1
68|64|1280|firefox|1
70|64|1280|firefox|1
80|66|1280|firefox|1
80|66|1280|firefox|1
80|66|1280|firefox|1
47|70|1280|firefox|1
74|67|1280|firefox|1
74|67|1280|firefox|1
74|67|1280|firefox|1
74|67|1280|firefox|1
74|67|1280|firefox|1
74|67|1280|firefox|1
74|67|1280|firefox|1
60|67|1280|firefox|1
85|67|1280|firefox|1
58|67|1280|firefox|1
87|65|1280|firefox|1
87|65|1280|firefox|1
87|65|1280|firefox|1
67|66|1280|firefox|1
91|67|1280|firefox|1
91|67|1280|firefox|1
73|64|1280|firefox|1
72|63|1280|firefox|1
97|70|1280|firefox|1
87|69|1280|firefox|1
54|69|1280|firefox|1
54|69|1280|firefox|1
54|69|1280|firefox|1
54|69|1280|firefox|1
54|69|1280|firefox|1
54|69|1280|firefox|1
54|69|1280|firefox|1
42|70|1280|firefox|1
42|62|1280|firefox|1
34|61|1280|firefox|1
43|61|1280|firefox|1
43|61|1280|firefox|1
