  [4;36;1mSQL (0.152936)[0m   [0;1mCREATE TABLE schema_info (version int(11))[0m
  [4;35;1mSQL (0.019838)[0m   [0mINSERT INTO schema_info (version) VALUES(0)[0m
  [4;36;1mSQL (0.000000)[0m   [0;1mMysql::Error: Table 'schema_info' already exists: CREATE TABLE schema_info (version int(11))[0m
  [4;35;1mSQL (0.004799)[0m   [0mSELECT version FROM schema_info[0m
Migrating to CreateCourseRecords (1)
  [4;36;1mSQL (0.661912)[0m   [0;1mCREATE TABLE course_records (`id` int(11) DEFAULT NULL auto_increment PRIMARY KEY, `course_id` int(11), `student_id` int(11), `letter_grade` varchar(255)) ENGINE=InnoDB[0m
  [4;35;1mSQL (0.174439)[0m   [0mUPDATE schema_info SET version = 1[0m
  [4;36;1mSQL (0.000558)[0m   [0;1mSELECT * FROM schema_info[0m
  [4;35;1mSQL (0.053498)[0m   [0mSHOW TABLES[0m
  [4;36;1mSQL (0.014670)[0m   [0;1mSHOW FIELDS FROM course_records[0m
  [4;35;1mSQL (0.002093)[0m   [0mSHOW KEYS FROM course_records[0m
  [4;36;1mCourseRecord Columns (0.000594)[0m   [0;1mSHOW FIELDS FROM course_records[0m
  [4;35;1mSQL (0.000276)[0m   [0mBEGIN[0m
  [4;36;1mSQL (0.102846)[0m   [0;1mINSERT INTO course_records (`student_id`, `letter_grade`, `course_id`) VALUES(42, 'a', 37)[0m
  [4;35;1mSQL (0.002206)[0m   [0mCOMMIT[0m
  [4;36;1mCourseRecord Load (0.090946)[0m   [0;1mSELECT * FROM course_records LIMIT 1[0m
  [4;35;1mCourseRecord Load (0.000656)[0m   [0mSELECT * FROM course_records LIMIT 1[0m
  [4;36;1mCourseRecord Load (0.019151)[0m   [0;1mSELECT * FROM course_records LIMIT 1[0m
  [4;35;1mCourseRecord Columns (0.000776)[0m   [0mSHOW FIELDS FROM course_records[0m
  [4;36;1mCourseRecord Load (0.000767)[0m   [0;1mSELECT * FROM course_records LIMIT 1[0m
  [4;35;1mCourseRecord Load (0.001111)[0m   [0mSELECT * FROM course_records LIMIT 1[0m
  [4;36;1mCourseRecord Load (0.000917)[0m   [0;1mSELECT * FROM course_records LIMIT 1[0m
  [4;35;1mCourseRecord Load (0.000643)[0m   [0mSELECT * FROM course_records LIMIT 1[0m
  [4;36;1mCourseRecord Load (0.000660)[0m   [0;1mSELECT * FROM course_records LIMIT 1[0m
  [4;35;1mCourseRecord Load (0.000676)[0m   [0mSELECT * FROM course_records LIMIT 1[0m
  [4;36;1mCourseRecord Columns (0.000410)[0m   [0;1mSHOW FIELDS FROM course_records[0m
  [4;35;1mCourseRecord Load (0.000727)[0m   [0mSELECT * FROM course_records LIMIT 1[0m
  [4;36;1mCourseRecord Load (0.000682)[0m   [0;1mSELECT * FROM course_records LIMIT 1[0m
  [4;35;1mCourseRecord Columns (0.036512)[0m   [0mSHOW FIELDS FROM course_records[0m
  [4;36;1mCourseRecord Load (0.020003)[0m   [0;1mSELECT * FROM course_records LIMIT 1[0m
  [4;35;1mCourseRecord Load (0.001826)[0m   [0mSELECT * FROM course_records LIMIT 1[0m
  [4;36;1mCourseRecord Load (0.000666)[0m   [0;1mSELECT * FROM course_records LIMIT 1[0m
  [4;35;1mCourseRecord Load (0.000646)[0m   [0mSELECT * FROM course_records LIMIT 1[0m
  [4;36;1mCourseRecord Columns (0.000434)[0m   [0;1mSHOW FIELDS FROM course_records[0m
  [4;35;1mCourseRecord Load (0.001765)[0m   [0mSELECT * FROM course_records LIMIT 1[0m
  [4;36;1mCourseRecord Columns (0.000432)[0m   [0;1mSHOW FIELDS FROM course_records[0m
  [4;35;1mCourseRecord Load (0.000662)[0m   [0mSELECT * FROM course_records LIMIT 1[0m
  [4;36;1mCourseRecord Load (0.000669)[0m   [0;1mSELECT * FROM course_records LIMIT 1[0m
  [4;36;1mCourseRecord Load (0.000751)[0m   [0;1mSELECT * FROM course_records LIMIT 1[0m
  [4;35;1mCourseRecord Columns (0.000527)[0m   [0mSHOW FIELDS FROM course_records[0m
  [4;36;1mCourseRecord Load (0.000759)[0m   [0;1mSELECT * FROM course_records LIMIT 1[0m
  [4;36;1mCourseRecord Load (0.001024)[0m   [0;1mSELECT * FROM course_records LIMIT 1[0m
  [4;35;1mCourseRecord Columns (0.000506)[0m   [0mSHOW FIELDS FROM course_records[0m
  [4;36;1mCourseRecord Load (0.000775)[0m   [0;1mSELECT * FROM course_records LIMIT 1[0m
  [4;35;1mCourseRecord Load (0.000656)[0m   [0mSELECT * FROM course_records LIMIT 1[0m
  [4;36;1mCourseRecord Load (0.000753)[0m   [0;1mSELECT * FROM course_records LIMIT 1[0m
  [4;35;1mCourseRecord Columns (0.000463)[0m   [0mSHOW FIELDS FROM course_records[0m
  [4;36;1mCourseRecord Load (0.000772)[0m   [0;1mSELECT * FROM course_records LIMIT 1[0m
  [4;35;1mCourseRecord Columns (0.000509)[0m   [0mSHOW FIELDS FROM course_records[0m
  [4;36;1mCourseRecord Load (0.000771)[0m   [0;1mSELECT * FROM course_records LIMIT 1[0m
  [4;36;1mCourseRecord Load (0.000760)[0m   [0;1mSELECT * FROM course_records LIMIT 1[0m
  [4;35;1mCourseRecord Load (0.000741)[0m   [0mSELECT * FROM course_records LIMIT 1[0m
  [4;36;1mCourseRecord Load (0.000679)[0m   [0;1mSELECT * FROM course_records LIMIT 1[0m
  [4;35;1mCourseRecord Load (0.000645)[0m   [0mSELECT * FROM course_records LIMIT 1[0m
  [4;36;1mCourseRecord Load (0.000667)[0m   [0;1mSELECT * FROM course_records LIMIT 1[0m
  [4;35;1mCourseRecord Columns (0.000403)[0m   [0mSHOW FIELDS FROM course_records[0m
  [4;36;1mCourseRecord Load (0.000722)[0m   [0;1mSELECT * FROM course_records LIMIT 1[0m
  [4;35;1mCourseRecord Load (0.000750)[0m   [0mSELECT * FROM course_records LIMIT 1[0m
  [4;36;1mCourseRecord Load (0.000650)[0m   [0;1mSELECT * FROM course_records LIMIT 1[0m
  [4;35;1mCourseRecord Columns (0.000446)[0m   [0mSHOW FIELDS FROM course_records[0m
  [4;36;1mCourseRecord Load (0.004799)[0m   [0;1mSELECT * FROM course_records LIMIT 1[0m
  [4;35;1mCourseRecord Columns (0.000445)[0m   [0mSHOW FIELDS FROM course_records[0m
  [4;36;1mCourseRecord Load (0.000576)[0m   [0;1mSELECT * FROM course_records LIMIT 1[0m
  [4;35;1mCourseRecord Columns (0.000400)[0m   [0mSHOW FIELDS FROM course_records[0m
  [4;36;1mCourseRecord Load (0.000736)[0m   [0;1mSELECT * FROM course_records LIMIT 1[0m
  [4;35;1mCourseRecord Columns (0.000465)[0m   [0mSHOW FIELDS FROM course_records[0m
  [4;36;1mCourseRecord Load (0.018553)[0m   [0;1mSELECT * FROM course_records LIMIT 1[0m
  [4;35;1mCourseRecord Load (0.000628)[0m   [0mSELECT * FROM course_records LIMIT 1[0m
  [4;36;1mCourseRecord Columns (0.000408)[0m   [0;1mSHOW FIELDS FROM course_records[0m
  [4;35;1mCourseRecord Load (0.000769)[0m   [0mSELECT * FROM course_records LIMIT 1[0m
  [4;36;1mCourseRecord Load (0.018721)[0m   [0;1mSELECT * FROM course_records LIMIT 1[0m
  [4;35;1mCourseRecord Load (0.000601)[0m   [0mSELECT * FROM course_records LIMIT 1[0m
  [4;36;1mCourseRecord Columns (0.000413)[0m   [0;1mSHOW FIELDS FROM course_records[0m
  [4;36;1mCourseRecord Load (0.000801)[0m   [0;1mSELECT * FROM course_records LIMIT 1[0m
  [4;35;1mCourseRecord Columns (0.000513)[0m   [0mSHOW FIELDS FROM course_records[0m
  [4;36;1mCourseRecord Load (0.000763)[0m   [0;1mSELECT * FROM course_records LIMIT 1[0m
  [4;35;1mCourseRecord Load (0.000639)[0m   [0mSELECT * FROM course_records LIMIT 1[0m
  [4;36;1mCourseRecord Columns (0.000418)[0m   [0;1mSHOW FIELDS FROM course_records[0m
  [4;35;1mCourseRecord Load (0.000733)[0m   [0mSELECT * FROM course_records LIMIT 1[0m
  [4;36;1mCourseRecord Load (0.000657)[0m   [0;1mSELECT * FROM course_records LIMIT 1[0m
  [4;35;1mCourseRecord Load (0.000662)[0m   [0mSELECT * FROM course_records LIMIT 1[0m
  [4;36;1mCourseRecord Columns (0.000452)[0m   [0;1mSHOW FIELDS FROM course_records[0m
  [4;35;1mCourseRecord Load (0.025828)[0m   [0mSELECT * FROM course_records LIMIT 1[0m
  [4;36;1mCourseRecord Load (0.000654)[0m   [0;1mSELECT * FROM course_records LIMIT 1[0m
  [4;35;1mCourseRecord Load (0.000659)[0m   [0mSELECT * FROM course_records LIMIT 1[0m
  [4;36;1mCourseRecord Load (0.000718)[0m   [0;1mSELECT * FROM course_records LIMIT 1[0m
  [4;35;1mCourseRecord Columns (0.000577)[0m   [0mSHOW FIELDS FROM course_records[0m
  [4;36;1mCourseRecord Load (0.000995)[0m   [0;1mSELECT * FROM course_records LIMIT 1[0m
  [4;35;1mCourseRecord Columns (0.000781)[0m   [0mSHOW FIELDS FROM course_records[0m
  [4;36;1mCourseRecord Load (0.000764)[0m   [0;1mSELECT * FROM course_records LIMIT 1[0m
  [4;35;1mCourseRecord Load (0.000660)[0m   [0mSELECT * FROM course_records LIMIT 1[0m
  [4;36;1mCourseRecord Load (0.000735)[0m   [0;1mSELECT * FROM course_records LIMIT 1[0m
  [4;35;1mCourseRecord Columns (0.000406)[0m   [0mSHOW FIELDS FROM course_records[0m
  [4;36;1mCourseRecord Load (0.000760)[0m   [0;1mSELECT * FROM course_records LIMIT 1[0m
  [4;35;1mSQL (0.000294)[0m   [0mBEGIN[0m
  [4;36;1mCourseRecord Update (0.121571)[0m   [0;1mUPDATE course_records SET `course_id` = 37, `student_id` = 42, `letter_grade` = 'a' WHERE id = 1[0m
  [4;35;1mSQL (0.000701)[0m   [0mCOMMIT[0m
  [4;36;1mCourseRecord Load (0.000644)[0m   [0;1mSELECT * FROM course_records LIMIT 1[0m
  [4;35;1mSQL (0.000254)[0m   [0mBEGIN[0m
  [4;36;1mCourseRecord Update (0.002117)[0m   [0;1mUPDATE course_records SET `course_id` = 37, `student_id` = 42, `letter_grade` = 'f' WHERE id = 1[0m
  [4;35;1mSQL (0.002340)[0m   [0mCOMMIT[0m
  [4;36;1mCourseRecord Load (0.000632)[0m   [0;1mSELECT * FROM course_records LIMIT 1[0m
  [4;36;1mCourseRecord Load (0.001588)[0m   [0;1mSELECT * FROM course_records LIMIT 1[0m
  [4;35;1mCourseRecord Columns (0.000562)[0m   [0mSHOW FIELDS FROM course_records[0m
  [4;36;1mCourseRecord Load (0.000982)[0m   [0;1mSELECT * FROM course_records LIMIT 1[0m
  [4;35;1mCourseRecord Load (0.000689)[0m   [0mSELECT * FROM course_records LIMIT 1[0m
  [4;36;1mCourseRecord Load (0.000645)[0m   [0;1mSELECT * FROM course_records LIMIT 1[0m
  [4;35;1mCourseRecord Load (0.000968)[0m   [0mSELECT * FROM course_records LIMIT 1[0m
  [4;36;1mSQL (0.000259)[0m   [0;1mBEGIN[0m
  [4;35;1mCourseRecord Update (0.072506)[0m   [0mUPDATE course_records SET `course_id` = 37, `student_id` = 42, `letter_grade` = NULL WHERE id = 1[0m
  [4;36;1mSQL (0.000861)[0m   [0;1mCOMMIT[0m
  [4;36;1mCourseRecord Load (0.000796)[0m   [0;1mSELECT * FROM course_records LIMIT 1[0m
  [4;35;1mSQL (0.000264)[0m   [0mBEGIN[0m
  [4;36;1mCourseRecord Columns (0.000477)[0m   [0;1mSHOW FIELDS FROM course_records[0m
  [4;35;1mCourseRecord Update (0.000812)[0m   [0mUPDATE course_records SET `course_id` = 37, `student_id` = 42, `letter_grade` = 'f' WHERE id = 1[0m
  [4;36;1mSQL (0.007817)[0m   [0;1mCOMMIT[0m
