This file contains any messages produced by compilers while
running configure, to aid debugging if configure makes a mistake.

It was created by FULL-PACKAGE-NAME configure VERSION, which was
generated by GNU Autoconf 2.63.  Invocation command line was

  $ ./configure --enable-shared --no-create --no-recursion

## --------- ##
## Platform. ##
## --------- ##

hostname = monster.railssecurity.org
uname -m = i386
uname -r = 9.5.0
uname -s = Darwin
uname -v = Darwin Kernel Version 9.5.0: Wed Sep  3 11:29:43 PDT 2008; root:xnu-1228.7.58~1/RELEASE_I386

/usr/bin/uname -p = i386
/bin/uname -X     = unknown

/bin/arch              = unknown
/usr/bin/arch -k       = unknown
/usr/convex/getsysinfo = unknown
/usr/bin/hostinfo      = Mach kernel version:
	 Darwin Kernel Version 9.5.0: Wed Sep  3 11:29:43 PDT 2008; root:xnu-1228.7.58~1/RELEASE_I386
Kernel configured for up to 8 processors.
8 processors are physically available.
8 processors are logically available.
Processor type: i486 (Intel 80486)
Processors active: 0 1 2 3 4 5 6 7
Primary memory available: 6.00 gigabytes
Default processor set: 106 tasks, 509 threads, 8 processors
Load average: 1.19, Mach factor: 6.80
/bin/machine           = unknown
/usr/bin/oslevel       = unknown
/bin/universe          = unknown

PATH: /usr/local/bin
PATH: /usr/local/mysql/bin
PATH: /usr/bin
PATH: /bin
PATH: /usr/sbin
PATH: /sbin
PATH: /usr/local/bin
PATH: /usr/texbin
PATH: /usr/X11/bin
PATH: /Users/draphael/JavaDev/groovy-1.5.6/bin
PATH: /opt/schily/bin


## ----------- ##
## Core tests. ##
## ----------- ##

configure:2066: checking for a BSD-compatible install
configure:2134: result: /usr/bin/install -c
configure:2145: checking whether build environment is sane
configure:2188: result: yes
configure:2213: checking for a thread-safe mkdir -p
configure:2252: result: config/install-sh -c -d
configure:2265: checking for gawk
configure:2295: result: no
configure:2265: checking for mawk
configure:2295: result: no
configure:2265: checking for nawk
configure:2295: result: no
configure:2265: checking for awk
configure:2281: found /usr/bin/awk
configure:2292: result: awk
configure:2303: checking whether make sets $(MAKE)
configure:2325: result: yes
configure:2558: checking for gcc
configure:2574: found /usr/bin/gcc
configure:2585: result: gcc
configure:2817: checking for C compiler version
configure:2825: gcc --version >&5
i686-apple-darwin9-gcc-4.0.1 (GCC) 4.0.1 (Apple Inc. build 5484)
Copyright (C) 2005 Free Software Foundation, Inc.
This is free software; see the source for copying conditions.  There is NO
warranty; not even for MERCHANTABILITY or FITNESS FOR A PARTICULAR PURPOSE.

configure:2829: $? = 0
configure:2836: gcc -v >&5
Using built-in specs.
Target: i686-apple-darwin9
Configured with: /var/tmp/gcc/gcc-5484~1/src/configure --disable-checking -enable-werror --prefix=/usr --mandir=/share/man --enable-languages=c,objc,c++,obj-c++ --program-transform-name=/^[cg][^.-]*$/s/$/-4.0/ --with-gxx-include-dir=/include/c++/4.0.0 --with-slibdir=/usr/lib --build=i686-apple-darwin9 --with-arch=apple --with-tune=generic --host=i686-apple-darwin9 --target=i686-apple-darwin9
Thread model: posix
gcc version 4.0.1 (Apple Inc. build 5484)
configure:2840: $? = 0
configure:2847: gcc -V >&5
gcc-4.0: argument to `-V' is missing
configure:2851: $? = 1
configure:2874: checking for C compiler default output file name
configure:2896: gcc    conftest.c  >&5
configure:2900: $? = 0
configure:2938: result: a.out
configure:2957: checking whether the C compiler works
configure:2967: ./a.out
configure:2971: $? = 0
configure:2990: result: yes
configure:2997: checking whether we are cross compiling
configure:2999: result: no
configure:3002: checking for suffix of executables
configure:3009: gcc -o conftest    conftest.c  >&5
configure:3013: $? = 0
configure:3039: result: 
configure:3045: checking for suffix of object files
configure:3071: gcc -c   conftest.c >&5
configure:3075: $? = 0
configure:3100: result: o
configure:3104: checking whether we are using the GNU C compiler
configure:3133: gcc -c   conftest.c >&5
configure:3140: $? = 0
configure:3157: result: yes
configure:3166: checking whether gcc accepts -g
configure:3196: gcc -c -g  conftest.c >&5
configure:3203: $? = 0
configure:3304: result: yes
configure:3321: checking for gcc option to accept ISO C89
configure:3395: gcc  -c -g -O2  conftest.c >&5
configure:3402: $? = 0
configure:3425: result: none needed
configure:3454: checking for style of include used by make
configure:3482: result: GNU
configure:3507: checking dependency style of gcc
configure:3598: result: gcc3
configure:3644: checking build system type
configure:3662: result: i386-apple-darwin9.5.0
configure:3684: checking host system type
configure:3699: result: i386-apple-darwin9.5.0
configure:3721: checking for a sed that does not truncate output
configure:3787: result: /usr/bin/sed
configure:3805: checking for grep that handles long lines and -e
configure:3865: result: /usr/bin/grep
configure:3870: checking for egrep
configure:3934: result: /usr/bin/grep -E
configure:3939: checking for fgrep
configure:4003: result: /usr/bin/grep -F
configure:4038: checking for ld used by gcc
configure:4105: result: /usr/libexec/gcc/i686-apple-darwin9/4.0.1/ld
configure:4114: checking if the linker (/usr/libexec/gcc/i686-apple-darwin9/4.0.1/ld) is GNU ld
configure:4129: result: no
configure:4142: checking for BSD- or MS-compatible name lister (nm)
configure:4191: result: /usr/bin/nm -p
configure:4309: checking the name lister (/usr/bin/nm -p) interface
configure:4316: gcc -c -g -O2  conftest.c >&5
configure:4319: /usr/bin/nm -p "conftest.o"
configure:4322: output
00000194 D _some_variable
configure:4329: result: BSD nm
configure:4332: checking whether ln -s works
configure:4336: result: yes
configure:4344: checking the maximum length of command line arguments
configure:4464: result: 196608
configure:4482: checking whether the shell understands some XSI constructs
configure:4490: result: yes
configure:4494: checking whether the shell understands "+="
configure:4500: result: yes
configure:4535: checking for /usr/libexec/gcc/i686-apple-darwin9/4.0.1/ld option to reload object files
configure:4542: result: -r
configure:4569: checking how to recognize dependent libraries
configure:4759: result: pass_all
configure:4819: checking for ar
configure:4835: found /usr/bin/ar
configure:4846: result: ar
configure:4924: checking for strip
configure:4940: found /usr/bin/strip
configure:4951: result: strip
configure:5023: checking for ranlib
configure:5039: found /usr/bin/ranlib
configure:5050: result: ranlib
configure:5140: checking command to parse /usr/bin/nm -p output from gcc object
configure:5258: gcc -c -g -O2  conftest.c >&5
configure:5261: $? = 0
configure:5265: /usr/bin/nm -p conftest.o \| sed -n -e 's/^.*[	 ]\([BCDEGRST][BCDEGRST]*\)[	 ][	 ]*\([_A-Za-z][_A-Za-z0-9]*\)$/\1 \2 \2/p' \> conftest.nm
configure:5268: $? = 0
cannot find nm_test_var in conftest.nm
configure:5258: gcc -c -g -O2  conftest.c >&5
configure:5261: $? = 0
configure:5265: /usr/bin/nm -p conftest.o \| sed -n -e 's/^.*[	 ]\([BCDEGRST][BCDEGRST]*\)[	 ][	 ]*_\([_A-Za-z][_A-Za-z0-9]*\)$/\1 _\2 \2/p' \> conftest.nm
configure:5268: $? = 0
configure:5322: gcc -o conftest -g -O2   conftest.c conftstm.o >&5
configure:5325: $? = 0
configure:5363: result: ok
configure:5657: checking for dsymutil
configure:5673: found /usr/bin/dsymutil
configure:5684: result: dsymutil
configure:5749: checking for nmedit
configure:5765: found /usr/bin/nmedit
configure:5776: result: nmedit
configure:5809: checking for -single_module linker flag
configure:5830: result: yes
configure:5832: checking for -exported_symbols_list linker flag
configure:5862: gcc -o conftest -g -O2   -Wl,-exported_symbols_list,conftest.sym conftest.c  >&5
configure:5869: $? = 0
configure:5891: result: yes
configure:5933: checking how to run the C preprocessor
configure:5973: gcc -E  conftest.c
configure:5980: $? = 0
configure:6011: gcc -E  conftest.c
conftest.c:10:28: error: ac_nonexistent.h: No such file or directory
configure:6018: $? = 1
configure: failed program was:
| /* confdefs.h.  */
| #define PACKAGE_NAME "FULL-PACKAGE-NAME"
| #define PACKAGE_TARNAME "full-package-name"
| #define PACKAGE_VERSION "VERSION"
| #define PACKAGE_STRING "FULL-PACKAGE-NAME VERSION"
| #define PACKAGE_BUGREPORT "BUG-REPORT-ADDRESS"
| #define PACKAGE "full-package-name"
| #define VERSION "VERSION"
| /* end confdefs.h.  */
| #include <ac_nonexistent.h>
configure:6051: result: gcc -E
configure:6080: gcc -E  conftest.c
configure:6087: $? = 0
configure:6118: gcc -E  conftest.c
conftest.c:10:28: error: ac_nonexistent.h: No such file or directory
configure:6125: $? = 1
configure: failed program was:
| /* confdefs.h.  */
| #define PACKAGE_NAME "FULL-PACKAGE-NAME"
| #define PACKAGE_TARNAME "full-package-name"
| #define PACKAGE_VERSION "VERSION"
| #define PACKAGE_STRING "FULL-PACKAGE-NAME VERSION"
| #define PACKAGE_BUGREPORT "BUG-REPORT-ADDRESS"
| #define PACKAGE "full-package-name"
| #define VERSION "VERSION"
| /* end confdefs.h.  */
| #include <ac_nonexistent.h>
configure:6165: checking for ANSI C header files
configure:6195: gcc -c -g -O2  conftest.c >&5
configure:6202: $? = 0
configure:6301: gcc -o conftest -g -O2   conftest.c  >&5
configure:6305: $? = 0
configure:6311: ./conftest
configure:6315: $? = 0
configure:6333: result: yes
configure:6357: checking for sys/types.h
configure:6378: gcc -c -g -O2  conftest.c >&5
configure:6385: $? = 0
configure:6402: result: yes
configure:6357: checking for sys/stat.h
configure:6378: gcc -c -g -O2  conftest.c >&5
configure:6385: $? = 0
configure:6402: result: yes
configure:6357: checking for stdlib.h
configure:6378: gcc -c -g -O2  conftest.c >&5
configure:6385: $? = 0
configure:6402: result: yes
configure:6357: checking for string.h
configure:6378: gcc -c -g -O2  conftest.c >&5
configure:6385: $? = 0
configure:6402: result: yes
configure:6357: checking for memory.h
configure:6378: gcc -c -g -O2  conftest.c >&5
configure:6385: $? = 0
configure:6402: result: yes
configure:6357: checking for strings.h
configure:6378: gcc -c -g -O2  conftest.c >&5
configure:6385: $? = 0
configure:6402: result: yes
configure:6357: checking for inttypes.h
configure:6378: gcc -c -g -O2  conftest.c >&5
configure:6385: $? = 0
configure:6402: result: yes
configure:6357: checking for stdint.h
configure:6378: gcc -c -g -O2  conftest.c >&5
configure:6385: $? = 0
configure:6402: result: yes
configure:6357: checking for unistd.h
configure:6378: gcc -c -g -O2  conftest.c >&5
configure:6385: $? = 0
configure:6402: result: yes
configure:6420: checking for dlfcn.h
configure:6441: gcc -c -g -O2  conftest.c >&5
configure:6448: $? = 0
configure:6465: result: yes
configure:6651: checking for objdir
configure:6666: result: .libs
configure:6958: checking if gcc supports -fno-rtti -fno-exceptions
configure:6976: gcc -c -g -O2  -fno-rtti -fno-exceptions conftest.c >&5
cc1: warning: command line option "-fno-rtti" is valid for C++/ObjC++ but not for C
configure:6980: $? = 0
configure:6993: result: no
configure:7013: checking for gcc option to produce PIC
configure:7264: result: -fno-common -DPIC
configure:7276: checking if gcc PIC flag -fno-common -DPIC works
configure:7294: gcc -c -g -O2  -fno-common -DPIC -DPIC conftest.c >&5
configure:7298: $? = 0
configure:7311: result: yes
configure:7335: checking if gcc static flag -static works
configure:7363: result: no
configure:7378: checking if gcc supports -c -o file.o
configure:7399: gcc -c -g -O2  -o out/conftest2.o conftest.c >&5
configure:7403: $? = 0
configure:7425: result: yes
configure:7433: checking if gcc supports -c -o file.o
configure:7480: result: yes
configure:7513: checking whether the gcc linker (/usr/libexec/gcc/i686-apple-darwin9/4.0.1/ld) supports shared libraries
configure:8575: result: yes
configure:8814: checking dynamic linker characteristics
configure:9492: result: darwin9.5.0 dyld
configure:9594: checking how to hardcode library paths into programs
configure:9619: result: immediate
configure:10460: checking whether stripping libraries is possible
configure:10474: result: yes
configure:10500: checking if libtool supports shared libraries
configure:10502: result: yes
configure:10505: checking whether to build shared libraries
configure:10526: result: yes
configure:10529: checking whether to build static libraries
configure:10533: result: yes
configure:10572: checking for ANSI C header files
configure:10740: result: yes
configure:10756: checking for memory.h
configure:10763: result: yes
configure:10756: checking for stdlib.h
configure:10763: result: yes
configure:10904: checking for size_t
configure:10932: gcc -c -g -O2  conftest.c >&5
configure:10939: $? = 0
configure:10966: gcc -c -g -O2  conftest.c >&5
conftest.c: In function 'main':
conftest.c:61: error: syntax error before ')' token
configure:10973: $? = 1
configure: failed program was:
| /* confdefs.h.  */
| #define PACKAGE_NAME "FULL-PACKAGE-NAME"
| #define PACKAGE_TARNAME "full-package-name"
| #define PACKAGE_VERSION "VERSION"
| #define PACKAGE_STRING "FULL-PACKAGE-NAME VERSION"
| #define PACKAGE_BUGREPORT "BUG-REPORT-ADDRESS"
| #define PACKAGE "full-package-name"
| #define VERSION "VERSION"
| #define STDC_HEADERS 1
| #define HAVE_SYS_TYPES_H 1
| #define HAVE_SYS_STAT_H 1
| #define HAVE_STDLIB_H 1
| #define HAVE_STRING_H 1
| #define HAVE_MEMORY_H 1
| #define HAVE_STRINGS_H 1
| #define HAVE_INTTYPES_H 1
| #define HAVE_STDINT_H 1
| #define HAVE_UNISTD_H 1
| #define HAVE_DLFCN_H 1
| #define LT_OBJDIR ".libs/"
| #define STDC_HEADERS 1
| #define HAVE_MEMORY_H 1
| #define HAVE_STDLIB_H 1
| /* end confdefs.h.  */
| #include <stdio.h>
| #ifdef HAVE_SYS_TYPES_H
| # include <sys/types.h>
| #endif
| #ifdef HAVE_SYS_STAT_H
| # include <sys/stat.h>
| #endif
| #ifdef STDC_HEADERS
| # include <stdlib.h>
| # include <stddef.h>
| #else
| # ifdef HAVE_STDLIB_H
| #  include <stdlib.h>
| # endif
| #endif
| #ifdef HAVE_STRING_H
| # if !defined STDC_HEADERS && defined HAVE_MEMORY_H
| #  include <memory.h>
| # endif
| # include <string.h>
| #endif
| #ifdef HAVE_STRINGS_H
| # include <strings.h>
| #endif
| #ifdef HAVE_INTTYPES_H
| # include <inttypes.h>
| #endif
| #ifdef HAVE_STDINT_H
| # include <stdint.h>
| #endif
| #ifdef HAVE_UNISTD_H
| # include <unistd.h>
| #endif
| int
| main ()
| {
| if (sizeof ((size_t)))
| 	  return 0;
|   ;
|   return 0;
| }
configure:10996: result: yes
configure:11010: checking for error_at_line
configure:11036: gcc -o conftest -g -O2   conftest.c  >&5
conftest.c:25:19: error: error.h: No such file or directory
configure:11043: $? = 1
configure: failed program was:
| /* confdefs.h.  */
| #define PACKAGE_NAME "FULL-PACKAGE-NAME"
| #define PACKAGE_TARNAME "full-package-name"
| #define PACKAGE_VERSION "VERSION"
| #define PACKAGE_STRING "FULL-PACKAGE-NAME VERSION"
| #define PACKAGE_BUGREPORT "BUG-REPORT-ADDRESS"
| #define PACKAGE "full-package-name"
| #define VERSION "VERSION"
| #define STDC_HEADERS 1
| #define HAVE_SYS_TYPES_H 1
| #define HAVE_SYS_STAT_H 1
| #define HAVE_STDLIB_H 1
| #define HAVE_STRING_H 1
| #define HAVE_MEMORY_H 1
| #define HAVE_STRINGS_H 1
| #define HAVE_INTTYPES_H 1
| #define HAVE_STDINT_H 1
| #define HAVE_UNISTD_H 1
| #define HAVE_DLFCN_H 1
| #define LT_OBJDIR ".libs/"
| #define STDC_HEADERS 1
| #define HAVE_MEMORY_H 1
| #define HAVE_STDLIB_H 1
| /* end confdefs.h.  */
| #include <error.h>
| int
| main ()
| {
| error_at_line (0, 0, "", 0, "an error occurred");
|   ;
|   return 0;
| }
configure:11063: result: no
configure:11079: checking for stdlib.h
configure:11086: result: yes
configure:11225: checking for GNU libc compatible malloc
configure:11259: gcc -o conftest -g -O2   conftest.c  >&5
configure:11263: $? = 0
configure:11269: ./conftest
configure:11273: $? = 0
configure:11290: result: yes
configure:11318: checking for working memcmp
configure:11371: gcc -o conftest -g -O2   conftest.c  >&5
configure:11375: $? = 0
configure:11381: ./conftest
configure:11385: $? = 0
configure:11402: result: yes
configure:11530: creating ./config.status

## ---------------- ##
## Cache variables. ##
## ---------------- ##

ac_cv_build=i386-apple-darwin9.5.0
ac_cv_c_compiler_gnu=yes
ac_cv_env_CC_set=
ac_cv_env_CC_value=
ac_cv_env_CFLAGS_set=
ac_cv_env_CFLAGS_value=
ac_cv_env_CPPFLAGS_set=
ac_cv_env_CPPFLAGS_value=
ac_cv_env_CPP_set=
ac_cv_env_CPP_value=
ac_cv_env_LDFLAGS_set=
ac_cv_env_LDFLAGS_value=
ac_cv_env_LIBS_set=
ac_cv_env_LIBS_value=
ac_cv_env_build_alias_set=
ac_cv_env_build_alias_value=
ac_cv_env_host_alias_set=
ac_cv_env_host_alias_value=
ac_cv_env_target_alias_set=
ac_cv_env_target_alias_value=
ac_cv_func_malloc_0_nonnull=yes
ac_cv_func_memcmp_working=yes
ac_cv_header_dlfcn_h=yes
ac_cv_header_inttypes_h=yes
ac_cv_header_memory_h=yes
ac_cv_header_stdc=yes
ac_cv_header_stdint_h=yes
ac_cv_header_stdlib_h=yes
ac_cv_header_string_h=yes
ac_cv_header_strings_h=yes
ac_cv_header_sys_stat_h=yes
ac_cv_header_sys_types_h=yes
ac_cv_header_unistd_h=yes
ac_cv_host=i386-apple-darwin9.5.0
ac_cv_lib_error_at_line=no
ac_cv_objext=o
ac_cv_path_EGREP='/usr/bin/grep -E'
ac_cv_path_FGREP='/usr/bin/grep -F'
ac_cv_path_GREP=/usr/bin/grep
ac_cv_path_SED=/usr/bin/sed
ac_cv_path_install='/usr/bin/install -c'
ac_cv_prog_AWK=awk
ac_cv_prog_CPP='gcc -E'
ac_cv_prog_ac_ct_AR=ar
ac_cv_prog_ac_ct_CC=gcc
ac_cv_prog_ac_ct_DSYMUTIL=dsymutil
ac_cv_prog_ac_ct_NMEDIT=nmedit
ac_cv_prog_ac_ct_RANLIB=ranlib
ac_cv_prog_ac_ct_STRIP=strip
ac_cv_prog_cc_c89=
ac_cv_prog_cc_g=yes
ac_cv_prog_make_make_set=yes
ac_cv_type_size_t=yes
am_cv_CC_dependencies_compiler_type=gcc3
lt_cv_apple_cc_single_mod=yes
lt_cv_deplibs_check_method=pass_all
lt_cv_file_magic_cmd='$MAGIC_CMD'
lt_cv_file_magic_test_file=
lt_cv_ld_exported_symbols_list=yes
lt_cv_ld_reload_flag=-r
lt_cv_nm_interface='BSD nm'
lt_cv_objdir=.libs
lt_cv_path_LD=/usr/libexec/gcc/i686-apple-darwin9/4.0.1/ld
lt_cv_path_NM='/usr/bin/nm -p'
lt_cv_prog_compiler_c_o=yes
lt_cv_prog_compiler_pic_works=yes
lt_cv_prog_compiler_rtti_exceptions=no
lt_cv_prog_compiler_static_works=no
lt_cv_prog_gnu_ld=no
lt_cv_sys_global_symbol_pipe='sed -n -e '\''s/^.*[	 ]\([BCDEGRST][BCDEGRST]*\)[	 ][	 ]*_\([_A-Za-z][_A-Za-z0-9]*\)$/\1 _\2 \2/p'\'''
lt_cv_sys_global_symbol_to_c_name_address='sed -n -e '\''s/^: \([^ ]*\) $/  {\"\1\", (void *) 0},/p'\'' -e '\''s/^[BCDEGRST]* \([^ ]*\) \([^ ]*\)$/  {"\2", (void *) \&\2},/p'\'''
lt_cv_sys_global_symbol_to_c_name_address_lib_prefix='sed -n -e '\''s/^: \([^ ]*\) $/  {\"\1\", (void *) 0},/p'\'' -e '\''s/^[BCDEGRST]* \([^ ]*\) \(lib[^ ]*\)$/  {"\2", (void *) \&\2},/p'\'' -e '\''s/^[BCDEGRST]* \([^ ]*\) \([^ ]*\)$/  {"lib\2", (void *) \&\2},/p'\'''
lt_cv_sys_global_symbol_to_cdecl='sed -n -e '\''s/^T .* \(.*\)$/extern int \1();/p'\'' -e '\''s/^[BCDEGRST]* .* \(.*\)$/extern char \1;/p'\'''
lt_cv_sys_max_cmd_len=196608

## ----------------- ##
## Output variables. ##
## ----------------- ##

ACLOCAL='${SHELL} /Users/draphael/RubyDev/FR_SECURE/Book/code/authentication/spnegotokenhandler/config/missing --run aclocal-1.10'
AMDEPBACKSLASH='\'
AMDEP_FALSE='#'
AMDEP_TRUE=''
AMTAR='${SHELL} /Users/draphael/RubyDev/FR_SECURE/Book/code/authentication/spnegotokenhandler/config/missing --run tar'
AR='ar'
AUTOCONF='${SHELL} /Users/draphael/RubyDev/FR_SECURE/Book/code/authentication/spnegotokenhandler/config/missing --run autoconf'
AUTOHEADER='${SHELL} /Users/draphael/RubyDev/FR_SECURE/Book/code/authentication/spnegotokenhandler/config/missing --run autoheader'
AUTOMAKE='${SHELL} /Users/draphael/RubyDev/FR_SECURE/Book/code/authentication/spnegotokenhandler/config/missing --run automake-1.10'
AWK='awk'
CC='gcc'
CCDEPMODE='depmode=gcc3'
CFLAGS='-g -O2'
CPP='gcc -E'
CPPFLAGS=''
CYGPATH_W='echo'
DEFS='-DHAVE_CONFIG_H'
DEPDIR='.deps'
DSYMUTIL='dsymutil'
DUMPBIN=''
ECHO_C='\c'
ECHO_N=''
ECHO_T=''
EGREP='/usr/bin/grep -E'
EXEEXT=''
FGREP='/usr/bin/grep -F'
GREP='/usr/bin/grep'
INSTALL_DATA='${INSTALL} -m 644'
INSTALL_PROGRAM='${INSTALL}'
INSTALL_SCRIPT='${INSTALL}'
INSTALL_STRIP_PROGRAM='$(install_sh) -c -s'
LD='/usr/libexec/gcc/i686-apple-darwin9/4.0.1/ld'
LDFLAGS=''
LIBOBJS=' ${LIBOBJDIR}error$U.o'
LIBS=''
LIBTOOL='$(SHELL) $(top_builddir)/libtool'
LN_S='ln -s'
LTLIBOBJS=' ${LIBOBJDIR}error$U.lo'
MAKEINFO='${SHELL} /Users/draphael/RubyDev/FR_SECURE/Book/code/authentication/spnegotokenhandler/config/missing --run makeinfo'
MKDIR_P='config/install-sh -c -d'
NM='/usr/bin/nm -p'
NMEDIT='nmedit'
OBJEXT='o'
PACKAGE='full-package-name'
PACKAGE_BUGREPORT='BUG-REPORT-ADDRESS'
PACKAGE_NAME='FULL-PACKAGE-NAME'
PACKAGE_STRING='FULL-PACKAGE-NAME VERSION'
PACKAGE_TARNAME='full-package-name'
PACKAGE_VERSION='VERSION'
PATH_SEPARATOR=':'
RANLIB='ranlib'
SED='/usr/bin/sed'
SET_MAKE=''
SHELL='/bin/sh'
STRIP='strip'
VERSION='VERSION'
ac_ct_CC='gcc'
ac_ct_DUMPBIN=''
am__fastdepCC_FALSE='#'
am__fastdepCC_TRUE=''
am__include='include'
am__isrc=''
am__leading_dot='.'
am__quote=''
am__tar='${AMTAR} chof - "$$tardir"'
am__untar='${AMTAR} xf -'
bindir='${exec_prefix}/bin'
build='i386-apple-darwin9.5.0'
build_alias=''
build_cpu='i386'
build_os='darwin9.5.0'
build_vendor='apple'
datadir='${datarootdir}'
datarootdir='${prefix}/share'
docdir='${datarootdir}/doc/${PACKAGE_TARNAME}'
dvidir='${docdir}'
exec_prefix='${prefix}'
host='i386-apple-darwin9.5.0'
host_alias=''
host_cpu='i386'
host_os='darwin9.5.0'
host_vendor='apple'
htmldir='${docdir}'
includedir='${prefix}/include'
infodir='${datarootdir}/info'
install_sh='$(SHELL) /Users/draphael/RubyDev/FR_SECURE/Book/code/authentication/spnegotokenhandler/config/install-sh'
libdir='${exec_prefix}/lib'
libexecdir='${exec_prefix}/libexec'
localedir='${datarootdir}/locale'
localstatedir='${prefix}/var'
lt_ECHO='/bin/echo'
mandir='${datarootdir}/man'
mkdir_p='$(top_builddir)/config/install-sh -c -d'
oldincludedir='/usr/include'
pdfdir='${docdir}'
prefix='/usr/local'
program_transform_name='s,x,x,'
psdir='${docdir}'
sbindir='${exec_prefix}/sbin'
sharedstatedir='${prefix}/com'
sysconfdir='${prefix}/etc'
target_alias=''

## ----------- ##
## confdefs.h. ##
## ----------- ##

#define PACKAGE_NAME "FULL-PACKAGE-NAME"
#define PACKAGE_TARNAME "full-package-name"
#define PACKAGE_VERSION "VERSION"
#define PACKAGE_STRING "FULL-PACKAGE-NAME VERSION"
#define PACKAGE_BUGREPORT "BUG-REPORT-ADDRESS"
#define PACKAGE "full-package-name"
#define VERSION "VERSION"
#define STDC_HEADERS 1
#define HAVE_SYS_TYPES_H 1
#define HAVE_SYS_STAT_H 1
#define HAVE_STDLIB_H 1
#define HAVE_STRING_H 1
#define HAVE_MEMORY_H 1
#define HAVE_STRINGS_H 1
#define HAVE_INTTYPES_H 1
#define HAVE_STDINT_H 1
#define HAVE_UNISTD_H 1
#define HAVE_DLFCN_H 1
#define LT_OBJDIR ".libs/"
#define STDC_HEADERS 1
#define HAVE_MEMORY_H 1
#define HAVE_STDLIB_H 1
#define HAVE_STDLIB_H 1
#define HAVE_MALLOC 1

configure: exit 0

## ---------------------- ##
## Running config.status. ##
## ---------------------- ##

This file was extended by FULL-PACKAGE-NAME config.status VERSION, which was
generated by GNU Autoconf 2.63.  Invocation command line was

  CONFIG_FILES    = 
  CONFIG_HEADERS  = 
  CONFIG_LINKS    = 
  CONFIG_COMMANDS = 
  $ ./config.status 

on monster.railssecurity.org

config.status:976: creating Makefile
config.status:976: creating src/Makefile
config.status:976: creating config.h
config.status:1198: config.h is unchanged
config.status:1250: executing depfiles commands
config.status:1250: executing libtool commands

## ---------------------- ##
## Running config.status. ##
## ---------------------- ##

This file was extended by FULL-PACKAGE-NAME config.status VERSION, which was
generated by GNU Autoconf 2.63.  Invocation command line was

  CONFIG_FILES    = 
  CONFIG_HEADERS  = 
  CONFIG_LINKS    = 
  CONFIG_COMMANDS = 
  $ ./config.status src/Makefile depfiles

on monster.railssecurity.org

config.status:976: creating src/Makefile
config.status:1250: executing depfiles commands

## ---------------------- ##
## Running config.status. ##
## ---------------------- ##

This file was extended by FULL-PACKAGE-NAME config.status VERSION, which was
generated by GNU Autoconf 2.63.  Invocation command line was

  CONFIG_FILES    = 
  CONFIG_HEADERS  = 
  CONFIG_LINKS    = 
  CONFIG_COMMANDS = 
  $ ./config.status config.h

on monster.railssecurity.org

config.status:976: creating config.h
config.status:1198: config.h is unchanged

## ---------------------- ##
## Running config.status. ##
## ---------------------- ##

This file was extended by FULL-PACKAGE-NAME config.status VERSION, which was
generated by GNU Autoconf 2.63.  Invocation command line was

  CONFIG_FILES    = 
  CONFIG_HEADERS  = 
  CONFIG_LINKS    = 
  CONFIG_COMMANDS = 
  $ ./config.status src/Makefile depfiles

on monster.railssecurity.org

config.status:976: creating src/Makefile
config.status:1250: executing depfiles commands
